[debug] [2018-10-28T19:21:45.460Z] ----------------------------------------------------------------------
[debug] [2018-10-28T19:21:45.544Z] Command:       C:\Program Files\nodejs\node.exe C:\Users\neels\AppData\Roaming\npm\node_modules\firebase-tools\lib\bin\firebase.js serve
[debug] [2018-10-28T19:21:45.545Z] CLI Version:   6.0.0
[debug] [2018-10-28T19:21:45.545Z] Platform:      win32
[debug] [2018-10-28T19:21:45.545Z] Node Version:  v8.10.0
[debug] [2018-10-28T19:21:45.606Z] Time:          Sun Oct 28 2018 15:21:45 GMT-0400 (Eastern Daylight Time)
[debug] [2018-10-28T19:21:45.606Z] ----------------------------------------------------------------------
[debug] 
[debug] [2018-10-28T19:21:45.727Z] > command requires scopes: ["email","openid","https://www.googleapis.com/auth/cloudplatformprojects.readonly","https://www.googleapis.com/auth/firebase","https://www.googleapis.com/auth/cloud-platform"]
[debug] [2018-10-28T19:21:45.729Z] > authorizing via signed-in user
[debug] [2018-10-28T19:21:45.729Z] [iam] checking project ns-safedrive for permissions ["firebase.projects.get"]
[debug] [2018-10-28T19:21:45.737Z] > refreshing access token with scopes: ["email","https://www.googleapis.com/auth/cloud-platform","https://www.googleapis.com/auth/cloudplatformprojects.readonly","https://www.googleapis.com/auth/firebase","openid"]
[debug] [2018-10-28T19:21:45.737Z] >>> HTTP REQUEST POST https://www.googleapis.com/oauth2/v3/token  
 <request body omitted>
[debug] [2018-10-28T19:21:45.993Z] <<< HTTP RESPONSE 200
[debug] [2018-10-28T19:21:46.024Z] >>> HTTP REQUEST POST https://cloudresourcemanager.googleapis.com/v1/projects/ns-safedrive:testIamPermissions  

[debug] [2018-10-28T19:21:46.294Z] <<< HTTP RESPONSE 200
[debug] [2018-10-28T19:21:46.295Z] >>> HTTP REQUEST GET https://cloudresourcemanager.googleapis.com/v1/projects/ns-safedrive  
 
[debug] [2018-10-28T19:21:46.528Z] <<< HTTP RESPONSE 200
[info] 
[info] === Serving from 'C:\Users\neels\Documents\Programming\SafeDrive'...
[info] 
[debug] [2018-10-28T19:21:46.531Z] >>> HTTP REQUEST GET https://mobilesdk-pa.googleapis.com/v1/projects/320226591341/clients/_:getWebAppConfig  
 
[debug] [2018-10-28T19:21:46.835Z] <<< HTTP RESPONSE 200
[info] i  hosting: Serving hosting files from: Builds/WebGL/
[info] +  hosting: Local server: http://localhost:5000
